Determining if the pthread_create exist failed with the following output:
Change Dir: /home/harsh/catkin_ws/src/build/CMakeFiles/CMakeTmp

Run Build Command:/usr/bin/make "cmTryCompileExec3701437210/fast"
/usr/bin/make -f CMakeFiles/cmTryCompileExec3701437210.dir/build.make CMakeFiles/cmTryCompileExec3701437210.dir/build
make[1]: Entering directory `/home/harsh/catkin_ws/src/build/CMakeFiles/CMakeTmp'
/usr/bin/cmake -E cmake_progress_report /home/harsh/catkin_ws/src/build/CMakeFiles/CMakeTmp/CMakeFiles 1
Building C object CMakeFiles/cmTryCompileExec3701437210.dir/CheckSymbolExists.c.o
/usr/bin/cc    -o CMakeFiles/cmTryCompileExec3701437210.dir/CheckSymbolExists.c.o   -c /home/harsh/catkin_ws/src/build/CMakeFiles/CMakeTmp/CheckSymbolExists.c
Linking C executable cmTryCompileExec3701437210
/usr/bin/cmake -E cmake_link_script CMakeFiles/cmTryCompileExec3701437210.dir/link.txt --verbose=1
/usr/bin/cc       CMakeFiles/cmTryCompileExec3701437210.dir/CheckSymbolExists.c.o  -o cmTryCompileExec3701437210 -rdynamic 
CMakeFiles/cmTryCompileExec3701437210.dir/CheckSymbolExists.c.o: In function `main':
CheckSymbolExists.c:(.text+0x16): undefined reference to `pthread_create'
collect2: error: ld returned 1 exit status
make[1]: *** [cmTryCompileExec3701437210] Error 1
make[1]: Leaving directory `/home/harsh/catkin_ws/src/build/CMakeFiles/CMakeTmp'
make: *** [cmTryCompileExec3701437210/fast] Error 2

File /home/harsh/catkin_ws/src/build/CMakeFiles/CMakeTmp/CheckSymbolExists.c:
/* */
#include <pthread.h>

int main(int argc, char** argv)
{
  (void)argv;
#ifndef pthread_create
  return ((int*)(&pthread_create))[argc];
#else
  (void)argc;
  return 0;
#endif
}

Determining if the function pthread_create exists in the pthreads failed with the following output:
Change Dir: /home/harsh/catkin_ws/src/build/CMakeFiles/CMakeTmp

Run Build Command:/usr/bin/make "cmTryCompileExec2782733591/fast"
/usr/bin/make -f CMakeFiles/cmTryCompileExec2782733591.dir/build.make CMakeFiles/cmTryCompileExec2782733591.dir/build
make[1]: Entering directory `/home/harsh/catkin_ws/src/build/CMakeFiles/CMakeTmp'
/usr/bin/cmake -E cmake_progress_report /home/harsh/catkin_ws/src/build/CMakeFiles/CMakeTmp/CMakeFiles 1
Building C object CMakeFiles/cmTryCompileExec2782733591.dir/CheckFunctionExists.c.o
/usr/bin/cc   -DCHECK_FUNCTION_EXISTS=pthread_create   -o CMakeFiles/cmTryCompileExec2782733591.dir/CheckFunctionExists.c.o   -c /usr/share/cmake-2.8/Modules/CheckFunctionExists.c
Linking C executable cmTryCompileExec2782733591
/usr/bin/cmake -E cmake_link_script CMakeFiles/cmTryCompileExec2782733591.dir/link.txt --verbose=1
/usr/bin/cc   -DCHECK_FUNCTION_EXISTS=pthread_create    CMakeFiles/cmTryCompileExec2782733591.dir/CheckFunctionExists.c.o  -o cmTryCompileExec2782733591 -rdynamic -lpthreads 
/usr/bin/ld: cannot find -lpthreads
collect2: error: ld returned 1 exit status
make[1]: *** [cmTryCompileExec2782733591] Error 1
make[1]: Leaving directory `/home/harsh/catkin_ws/src/build/CMakeFiles/CMakeTmp'
make: *** [cmTryCompileExec2782733591/fast] Error 2


Determining if the Q_WS_WIN exist failed with the following output:
Change Dir: /home/harsh/catkin_ws/src/build/CMakeFiles/CMakeTmp

Run Build Command:/usr/bin/make "cmTryCompileExec4209364230/fast"
/usr/bin/make -f CMakeFiles/cmTryCompileExec4209364230.dir/build.make CMakeFiles/cmTryCompileExec4209364230.dir/build
make[1]: Entering directory `/home/harsh/catkin_ws/src/build/CMakeFiles/CMakeTmp'
/usr/bin/cmake -E cmake_progress_report /home/harsh/catkin_ws/src/build/CMakeFiles/CMakeTmp/CMakeFiles 1
Building CXX object CMakeFiles/cmTryCompileExec4209364230.dir/CheckSymbolExists.cxx.o
/usr/bin/c++    -fopenmp  -Wall -Wno-long-long -msse -msse2 -ffunction-sections   -I/usr/include/qt4    -o CMakeFiles/cmTryCompileExec4209364230.dir/CheckSymbolExists.cxx.o -c /home/harsh/catkin_ws/src/build/CMakeFiles/CMakeTmp/CheckSymbolExists.cxx
/home/harsh/catkin_ws/src/build/CMakeFiles/CMakeTmp/CheckSymbolExists.cxx: In function ‘int main(int, char**)’:
/home/harsh/catkin_ws/src/build/CMakeFiles/CMakeTmp/CheckSymbolExists.cxx:8:19: error: ‘Q_WS_WIN’ was not declared in this scope
   return ((int*)(&Q_WS_WIN))[argc];
                   ^
make[1]: Leaving directory `/home/harsh/catkin_ws/src/build/CMakeFiles/CMakeTmp'
make[1]: *** [CMakeFiles/cmTryCompileExec4209364230.dir/CheckSymbolExists.cxx.o] Error 1
make: *** [cmTryCompileExec4209364230/fast] Error 2

File /home/harsh/catkin_ws/src/build/CMakeFiles/CMakeTmp/CheckSymbolExists.cxx:
/* */
#include <QtCore/qglobal.h>

int main(int argc, char** argv)
{
  (void)argv;
#ifndef Q_WS_WIN
  return ((int*)(&Q_WS_WIN))[argc];
#else
  (void)argc;
  return 0;
#endif
}

Determining if the Q_WS_QWS exist failed with the following output:
Change Dir: /home/harsh/catkin_ws/src/build/CMakeFiles/CMakeTmp

Run Build Command:/usr/bin/make "cmTryCompileExec20519694/fast"
/usr/bin/make -f CMakeFiles/cmTryCompileExec20519694.dir/build.make CMakeFiles/cmTryCompileExec20519694.dir/build
make[1]: Entering directory `/home/harsh/catkin_ws/src/build/CMakeFiles/CMakeTmp'
/usr/bin/cmake -E cmake_progress_report /home/harsh/catkin_ws/src/build/CMakeFiles/CMakeTmp/CMakeFiles 1
Building CXX object CMakeFiles/cmTryCompileExec20519694.dir/CheckSymbolExists.cxx.o
/usr/bin/c++    -fopenmp  -Wall -Wno-long-long -msse -msse2 -ffunction-sections   -I/usr/include/qt4    -o CMakeFiles/cmTryCompileExec20519694.dir/CheckSymbolExists.cxx.o -c /home/harsh/catkin_ws/src/build/CMakeFiles/CMakeTmp/CheckSymbolExists.cxx
/home/harsh/catkin_ws/src/build/CMakeFiles/CMakeTmp/CheckSymbolExists.cxx: In function ‘int main(int, char**)’:
/home/harsh/catkin_ws/src/build/CMakeFiles/CMakeTmp/CheckSymbolExists.cxx:8:19: error: ‘Q_WS_QWS’ was not declared in this scope
   return ((int*)(&Q_WS_QWS))[argc];
                   ^
make[1]: *** [CMakeFiles/cmTryCompileExec20519694.dir/CheckSymbolExists.cxx.o] Error 1
make[1]: Leaving directory `/home/harsh/catkin_ws/src/build/CMakeFiles/CMakeTmp'
make: *** [cmTryCompileExec20519694/fast] Error 2

File /home/harsh/catkin_ws/src/build/CMakeFiles/CMakeTmp/CheckSymbolExists.cxx:
/* */
#include <QtCore/qglobal.h>

int main(int argc, char** argv)
{
  (void)argv;
#ifndef Q_WS_QWS
  return ((int*)(&Q_WS_QWS))[argc];
#else
  (void)argc;
  return 0;
#endif
}

Determining if the Q_WS_MAC exist failed with the following output:
Change Dir: /home/harsh/catkin_ws/src/build/CMakeFiles/CMakeTmp

Run Build Command:/usr/bin/make "cmTryCompileExec3231121328/fast"
/usr/bin/make -f CMakeFiles/cmTryCompileExec3231121328.dir/build.make CMakeFiles/cmTryCompileExec3231121328.dir/build
make[1]: Entering directory `/home/harsh/catkin_ws/src/build/CMakeFiles/CMakeTmp'
/usr/bin/cmake -E cmake_progress_report /home/harsh/catkin_ws/src/build/CMakeFiles/CMakeTmp/CMakeFiles 1
Building CXX object CMakeFiles/cmTryCompileExec3231121328.dir/CheckSymbolExists.cxx.o
/usr/bin/c++    -fopenmp  -Wall -Wno-long-long -msse -msse2 -ffunction-sections   -I/usr/include/qt4    -o CMakeFiles/cmTryCompileExec3231121328.dir/CheckSymbolExists.cxx.o -c /home/harsh/catkin_ws/src/build/CMakeFiles/CMakeTmp/CheckSymbolExists.cxx
/home/harsh/catkin_ws/src/build/CMakeFiles/CMakeTmp/CheckSymbolExists.cxx: In function ‘int main(int, char**)’:
/home/harsh/catkin_ws/src/build/CMakeFiles/CMakeTmp/CheckSymbolExists.cxx:8:19: error: ‘Q_WS_MAC’ was not declared in this scope
   return ((int*)(&Q_WS_MAC))[argc];
                   ^
make[1]: *** [CMakeFiles/cmTryCompileExec3231121328.dir/CheckSymbolExists.cxx.o] Error 1
make[1]: Leaving directory `/home/harsh/catkin_ws/src/build/CMakeFiles/CMakeTmp'
make: *** [cmTryCompileExec3231121328/fast] Error 2

File /home/harsh/catkin_ws/src/build/CMakeFiles/CMakeTmp/CheckSymbolExists.cxx:
/* */
#include <QtCore/qglobal.h>

int main(int argc, char** argv)
{
  (void)argv;
#ifndef Q_WS_MAC
  return ((int*)(&Q_WS_MAC))[argc];
#else
  (void)argc;
  return 0;
#endif
}

